INFO:root:
 Service is up now.....!!
INFO:root:Code execution ended......!!
INFO:root:
Code execution Started.....!!
INFO:root:
 Starting the Data Extraction and Ingestion process.....!!
INFO:root:
Code execution Started.....!!
INFO:root:
 Starting the service......!!
INFO:root:
 Service is up now.....!!
INFO:root:Code execution ended......!!
INFO:root:
Code execution Started.....!!
INFO:root:
 Starting the service......!!
INFO:root:
 Service is up now.....!!
INFO:root:Code execution ended......!!
